INFO:djitellopy:Tello instance was initialized. Host: '192.168.10.1'. Port: '8889'.
INFO:djitellopy:Send command: 'command'
INFO:djitellopy:Response command: 'ok'
INFO:djitellopy:Send command: 'streamon'
INFO:djitellopy:Response streamon: 'ok'
INFO:root:Manual takeoff
INFO:djitellopy:Send command: 'takeoff'
INFO:djitellopy:Response takeoff: 'ok'
INFO:djitellopy:Send command: 'go 0 0 80 30'
INFO:djitellopy:Response go 0 0 80 30: 'ok'
INFO:djitellopy:Send command (no response expected): 'rc 0 30 100 -20'
INFO:djitellopy:Send command (no response expected): 'rc 0 8 25 -4'
INFO:djitellopy:Send command (no response expected): 'rc 0 11 26 -4'
INFO:djitellopy:Send command (no response expected): 'rc 0 10 26 -4'
INFO:djitellopy:Send command (no response expected): 'rc 0 11 26 -4'
INFO:djitellopy:Send command (no response expected): 'rc 0 10 26 -4'
INFO:djitellopy:Send command (no response expected): 'rc 0 10 26 -4'
INFO:djitellopy:Send command (no response expected): 'rc 0 11 26 -3'
INFO:djitellopy:Send command (no response expected): 'rc 0 11 26 -3'
INFO:djitellopy:Send command (no response expected): 'rc 0 12 26 -4'
INFO:djitellopy:Send command (no response expected): 'rc 0 11 25 -4'
INFO:djitellopy:Send command (no response expected): 'rc 0 13 27 -5'
INFO:djitellopy:Send command (no response expected): 'rc 0 12 26 -4'
INFO:djitellopy:Send command (no response expected): 'rc 0 10 26 -6'
INFO:djitellopy:Send command (no response expected): 'rc 0 10 26 -5'
INFO:djitellopy:Send command (no response expected): 'rc 0 11 26 -4'
INFO:djitellopy:Send command (no response expected): 'rc 0 11 26 -4'
INFO:djitellopy:Send command (no response expected): 'rc 0 10 26 -5'
INFO:djitellopy:Send command (no response expected): 'rc 0 11 25 -5'
INFO:djitellopy:Send command (no response expected): 'rc 0 12 27 -8'
INFO:djitellopy:Send command (no response expected): 'rc 0 11 26 -5'
INFO:djitellopy:Send command (no response expected): 'rc 0 10 27 -10'
INFO:djitellopy:Send command (no response expected): 'rc 0 9 27 -9'
INFO:djitellopy:Send command (no response expected): 'rc 0 11 26 -9'
INFO:djitellopy:Send command (no response expected): 'rc 0 9 26 -8'
INFO:djitellopy:Send command (no response expected): 'rc 0 10 26 -9'
INFO:djitellopy:Send command (no response expected): 'rc 0 9 25 -9'
INFO:djitellopy:Send command (no response expected): 'rc 0 5 26 -10'
INFO:djitellopy:Send command (no response expected): 'rc 0 10 25 -8'
INFO:djitellopy:Send command (no response expected): 'rc 0 10 26 -7'
INFO:djitellopy:Send command (no response expected): 'rc 0 14 26 -7'
INFO:djitellopy:Send command (no response expected): 'rc 0 9 24 -5'
INFO:djitellopy:Send command (no response expected): 'rc 0 9 24 -6'
INFO:djitellopy:Send command (no response expected): 'rc 0 9 23 -7'
INFO:djitellopy:Send command (no response expected): 'rc 0 10 24 -4'
INFO:djitellopy:Send command (no response expected): 'rc 0 14 28 -3'
INFO:djitellopy:Send command (no response expected): 'rc 0 11 25 -4'
INFO:djitellopy:Send command (no response expected): 'rc 0 10 26 -3'
INFO:djitellopy:Send command (no response expected): 'rc 0 11 26 -2'
INFO:djitellopy:Send command (no response expected): 'rc 0 7 26 -3'
INFO:djitellopy:Send command (no response expected): 'rc 0 9 26 -4'
INFO:djitellopy:Send command (no response expected): 'rc 0 10 26 -4'
INFO:djitellopy:Send command (no response expected): 'rc 0 11 26 -5'
INFO:djitellopy:Send command (no response expected): 'rc 0 10 26 -2'
INFO:djitellopy:Send command (no response expected): 'rc 0 9 26 -1'
INFO:djitellopy:Send command (no response expected): 'rc 0 10 26 -2'
INFO:djitellopy:Send command (no response expected): 'rc 0 9 26 0'
INFO:djitellopy:Send command (no response expected): 'rc 0 12 26 -2'
INFO:djitellopy:Send command (no response expected): 'rc 0 12 26 0'
INFO:djitellopy:Send command (no response expected): 'rc 0 12 25 0'
INFO:djitellopy:Send command (no response expected): 'rc 0 12 24 3'
INFO:djitellopy:Send command (no response expected): 'rc 0 12 25 2'
INFO:djitellopy:Send command (no response expected): 'rc 0 12 25 2'
INFO:djitellopy:Send command (no response expected): 'rc 0 13 20 4'
INFO:djitellopy:Send command (no response expected): 'rc 0 8 20 1'
INFO:djitellopy:Send command (no response expected): 'rc 0 10 22 0'
INFO:djitellopy:Send command (no response expected): 'rc 0 11 22 0'
INFO:djitellopy:Send command (no response expected): 'rc 0 8 16 -1'
INFO:djitellopy:Send command (no response expected): 'rc 0 11 19 0'
INFO:djitellopy:Send command (no response expected): 'rc 0 14 19 -1'
INFO:djitellopy:Send command (no response expected): 'rc 0 8 20 -1'
INFO:djitellopy:Send command (no response expected): 'rc 0 13 18 -2'
INFO:djitellopy:Send command (no response expected): 'rc 0 10 12 -2'
INFO:djitellopy:Send command (no response expected): 'rc 0 8 16 -3'
INFO:djitellopy:Send command (no response expected): 'rc 0 11 17 -2'
INFO:djitellopy:Send command (no response expected): 'rc 0 8 8 -4'
INFO:djitellopy:Send command (no response expected): 'rc 0 13 15 -1'
INFO:djitellopy:Send command (no response expected): 'rc 0 10 13 -2'
INFO:djitellopy:Send command (no response expected): 'rc 0 12 13 -2'
INFO:djitellopy:Send command (no response expected): 'rc 0 9 8 -3'
INFO:djitellopy:Send command (no response expected): 'rc 0 12 11 -2'
INFO:djitellopy:Send command (no response expected): 'rc 0 7 10 -5'
INFO:djitellopy:Send command (no response expected): 'rc 0 10 4 -1'
INFO:djitellopy:Send command (no response expected): 'rc 0 10 11 -4'
INFO:djitellopy:Send command (no response expected): 'rc 0 11 9 0'
INFO:djitellopy:Send command (no response expected): 'rc 0 9 8 -2'
INFO:djitellopy:Send command (no response expected): 'rc 0 11 8 -4'
INFO:djitellopy:Send command (no response expected): 'rc 0 14 8 -4'
INFO:djitellopy:Send command (no response expected): 'rc 0 9 8 -3'
INFO:djitellopy:Send command (no response expected): 'rc 0 12 6 -3'
INFO:djitellopy:Send command (no response expected): 'rc 0 12 7 -4'
INFO:djitellopy:Send command (no response expected): 'rc 0 12 9 -4'
INFO:djitellopy:Send command (no response expected): 'rc 0 8 8 -5'
INFO:djitellopy:Send command (no response expected): 'rc 0 9 8 -4'
INFO:djitellopy:Send command (no response expected): 'rc 0 9 6 -4'
INFO:djitellopy:Send command (no response expected): 'rc 0 10 6 -4'
INFO:djitellopy:Send command (no response expected): 'rc 0 10 7 -6'
INFO:djitellopy:Send command (no response expected): 'rc 0 10 7 -4'
INFO:djitellopy:Send command (no response expected): 'rc 0 10 6 -5'
INFO:djitellopy:Send command (no response expected): 'rc 0 12 8 -6'
INFO:djitellopy:Send command (no response expected): 'rc 0 10 7 -5'
INFO:djitellopy:Send command (no response expected): 'rc 0 10 7 -6'
INFO:djitellopy:Send command (no response expected): 'rc 0 11 6 -8'
INFO:djitellopy:Send command (no response expected): 'rc 0 10 6 -5'
INFO:djitellopy:Send command (no response expected): 'rc 0 9 8 -1'
INFO:djitellopy:Send command (no response expected): 'rc 0 10 7 -5'
INFO:djitellopy:Send command (no response expected): 'rc 0 10 4 -4'
INFO:djitellopy:Send command (no response expected): 'rc 0 9 7 -2'
INFO:djitellopy:Send command (no response expected): 'rc 0 11 5 -1'
INFO:djitellopy:Send command (no response expected): 'rc 0 8 5 4'
INFO:djitellopy:Send command (no response expected): 'rc 0 10 9 0'
INFO:djitellopy:Send command (no response expected): 'rc 0 12 7 1'
INFO:djitellopy:Send command (no response expected): 'rc 0 8 8 4'
INFO:djitellopy:Send command (no response expected): 'rc 0 6 6 2'
INFO:djitellopy:Send command (no response expected): 'rc 0 13 9 3'
INFO:djitellopy:Send command (no response expected): 'rc 0 10 8 3'
INFO:djitellopy:Send command (no response expected): 'rc 0 12 10 7'
INFO:djitellopy:Send command (no response expected): 'rc 0 8 7 4'
INFO:djitellopy:Send command (no response expected): 'rc 0 8 8 6'
INFO:djitellopy:Send command (no response expected): 'rc 0 9 7 9'
INFO:djitellopy:Send command (no response expected): 'rc 0 8 8 7'
INFO:djitellopy:Send command (no response expected): 'rc 0 6 8 12'
INFO:djitellopy:Send command (no response expected): 'rc 0 8 8 10'
INFO:djitellopy:Send command (no response expected): 'rc 0 9 8 11'
INFO:djitellopy:Send command (no response expected): 'rc 0 11 9 8'
INFO:djitellopy:Send command (no response expected): 'rc 0 7 7 9'
INFO:djitellopy:Send command (no response expected): 'rc 0 11 9 8'
INFO:djitellopy:Send command (no response expected): 'rc 0 5 6 8'
INFO:djitellopy:Send command (no response expected): 'rc 0 16 11 6'
INFO:djitellopy:Send command (no response expected): 'rc 0 6 6 6'
INFO:djitellopy:Send command (no response expected): 'rc 0 10 9 2'
INFO:djitellopy:Send command (no response expected): 'rc 0 8 5 3'
INFO:djitellopy:Send command (no response expected): 'rc 0 11 7 3'
INFO:djitellopy:Send command (no response expected): 'rc 0 10 2 -3'
INFO:djitellopy:Send command (no response expected): 'rc 0 8 3 -1'
INFO:djitellopy:Send command (no response expected): 'rc 0 5 3 0'
INFO:djitellopy:Send command (no response expected): 'rc 0 6 2 -2'
INFO:djitellopy:Send command (no response expected): 'rc 0 9 3 -2'
INFO:djitellopy:Send command (no response expected): 'rc 0 11 2 -7'
INFO:djitellopy:Send command (no response expected): 'rc 0 5 0 -4'
INFO:djitellopy:Send command (no response expected): 'rc 0 12 4 -6'
INFO:djitellopy:Send command (no response expected): 'rc 0 2 0 -4'
INFO:djitellopy:Send command (no response expected): 'rc 0 5 1 -5'
INFO:djitellopy:Send command (no response expected): 'rc 0 10 0 -6'
INFO:djitellopy:Send command (no response expected): 'rc 0 5 -2 -6'
INFO:djitellopy:Send command (no response expected): 'rc 0 9 -6 -5'
INFO:djitellopy:Send command (no response expected): 'rc 0 8 -1 -6'
INFO:djitellopy:Send command (no response expected): 'rc 0 10 -3 -4'
INFO:djitellopy:Send command (no response expected): 'rc 0 1 -8 -4'
INFO:djitellopy:Send command (no response expected): 'rc 0 1 -5 -3'
INFO:djitellopy:Send command (no response expected): 'rc 0 4 -6 -3'
INFO:djitellopy:Send command (no response expected): 'rc 0 1 -7 -2'
INFO:djitellopy:Send command (no response expected): 'rc 0 7 -5 -2'
INFO:djitellopy:Send command (no response expected): 'rc 0 2 -8 -1'
INFO:djitellopy:Send command (no response expected): 'rc 0 5 -6 -1'
INFO:djitellopy:Send command (no response expected): 'rc 0 9 -7 -1'
INFO:djitellopy:Send command (no response expected): 'rc 0 -1 -11 0'
INFO:djitellopy:Send command (no response expected): 'rc 0 1 -9 -1'
INFO:djitellopy:Send command (no response expected): 'rc 0 -1 -11 1'
INFO:djitellopy:Send command (no response expected): 'rc 0 -1 -11 1'
INFO:djitellopy:Send command (no response expected): 'rc 0 1 -13 1'
INFO:djitellopy:Send command (no response expected): 'rc 0 -2 -12 2'
INFO:djitellopy:Send command (no response expected): 'rc 0 -5 -14 2'
INFO:djitellopy:Send command (no response expected): 'rc 0 0 -12 2'
INFO:djitellopy:Send command (no response expected): 'rc 0 -2 -13 2'
INFO:djitellopy:Send command (no response expected): 'rc 0 -12 -14 2'
INFO:djitellopy:Send command (no response expected): 'rc 0 0 -15 3'
INFO:djitellopy:Send command (no response expected): 'rc 0 5 -10 0'
INFO:djitellopy:Send command (no response expected): 'rc 0 -6 -15 3'
INFO:djitellopy:Send command (no response expected): 'rc 0 -4 -14 2'
INFO:djitellopy:Send command (no response expected): 'rc 0 -1 -14 2'
INFO:djitellopy:Send command (no response expected): 'rc 0 0 -15 1'
INFO:djitellopy:Send command (no response expected): 'rc 0 -1 -13 0'
INFO:djitellopy:Send command (no response expected): 'rc 0 1 -15 0'
INFO:djitellopy:Send command (no response expected): 'rc 0 -12 -18 -1'
INFO:djitellopy:Send command (no response expected): 'rc 0 -7 -20 -2'
INFO:djitellopy:Send command (no response expected): 'rc 0 -2 -17 -2'
INFO:djitellopy:Send command (no response expected): 'rc 0 -3 -16 0'
INFO:djitellopy:Send command (no response expected): 'rc 0 -10 -16 -5'
INFO:djitellopy:Send command (no response expected): 'rc 0 -7 -17 -2'
INFO:djitellopy:Send command (no response expected): 'rc 0 1 -17 -2'
INFO:djitellopy:Send command (no response expected): 'rc 0 -4 -16 -3'
INFO:djitellopy:Send command (no response expected): 'rc 0 -12 -17 -4'
INFO:djitellopy:Send command (no response expected): 'rc 0 -10 -17 -5'
INFO:root:Started Timer
INFO:djitellopy:Send command (no response expected): 'rc 0 -22 -25 -7'
INFO:djitellopy:Send command (no response expected): 'rc 0 -10 -18 -4'
INFO:root:Started Timer
INFO:djitellopy:Send command (no response expected): 'rc 0 -4 -14 2'
INFO:djitellopy:Send command (no response expected): 'rc 0 -5 -17 1'
INFO:djitellopy:Send command (no response expected): 'rc 0 -8 -17 0'
INFO:djitellopy:Send command (no response expected): 'rc 0 -24 -21 1'
INFO:djitellopy:Send command (no response expected): 'rc 0 -10 -15 4'
INFO:root:Started Timer
INFO:djitellopy:Send command (no response expected): 'rc 0 -14 -21 14'
INFO:djitellopy:Send command (no response expected): 'rc 0 -9 -17 9'
INFO:djitellopy:Send command (no response expected): 'rc 0 -11 -18 4'
INFO:djitellopy:Send command (no response expected): 'rc 0 -12 -15 9'
INFO:djitellopy:Send command (no response expected): 'rc 0 -24 -20 15'
INFO:djitellopy:Send command (no response expected): 'rc 0 -4 -9 15'
INFO:djitellopy:Send command (no response expected): 'rc 0 -11 -17 15'
INFO:djitellopy:Send command (no response expected): 'rc 0 -7 -9 25'
INFO:djitellopy:Send command (no response expected): 'rc 0 -11 -15 13'
INFO:djitellopy:Send command (no response expected): 'rc 0 -16 -12 18'
INFO:djitellopy:Send command (no response expected): 'rc 0 -16 -15 21'
INFO:djitellopy:Send command (no response expected): 'rc 0 -9 -14 18'
INFO:djitellopy:Send command (no response expected): 'rc 0 -16 -11 18'
INFO:djitellopy:Send command (no response expected): 'rc 0 -13 -13 20'
INFO:djitellopy:Send command (no response expected): 'rc 0 -11 -13 18'
INFO:djitellopy:Send command (no response expected): 'rc 0 -15 -14 17'
INFO:djitellopy:Send command (no response expected): 'rc 0 -13 -13 17'
INFO:djitellopy:Send command (no response expected): 'rc 0 -15 -13 15'
INFO:djitellopy:Send command (no response expected): 'rc 0 -13 -13 17'
INFO:djitellopy:Send command (no response expected): 'rc 0 -14 -13 16'
INFO:djitellopy:Send command (no response expected): 'rc 0 -17 -14 15'
INFO:djitellopy:Send command (no response expected): 'rc 0 -14 -14 10'
INFO:djitellopy:Send command (no response expected): 'rc 0 -14 -13 10'
INFO:djitellopy:Send command (no response expected): 'rc 0 -14 -13 14'
INFO:djitellopy:Send command (no response expected): 'rc 0 -10 -13 7'
INFO:djitellopy:Send command (no response expected): 'rc 0 -7 -13 6'
INFO:djitellopy:Send command (no response expected): 'rc 0 -8 -13 8'
INFO:djitellopy:Send command (no response expected): 'rc 0 -12 -12 6'
INFO:djitellopy:Send command (no response expected): 'rc 0 -1 -14 3'
INFO:djitellopy:Send command (no response expected): 'rc 0 -16 -13 5'
INFO:djitellopy:Send command (no response expected): 'rc 0 -12 -13 3'
INFO:djitellopy:Send command (no response expected): 'rc 0 -14 -14 2'
INFO:djitellopy:Send command (no response expected): 'rc 0 -10 -14 4'
INFO:djitellopy:Send command (no response expected): 'rc 0 -7 -13 1'
INFO:djitellopy:Send command (no response expected): 'rc 0 -2 -13 2'
INFO:djitellopy:Send command (no response expected): 'rc 0 -5 -14 0'
INFO:djitellopy:Send command (no response expected): 'rc 0 -8 -14 3'
INFO:djitellopy:Send command (no response expected): 'rc 0 -5 -14 2'
INFO:djitellopy:Send command (no response expected): 'rc 0 -7 -17 0'
INFO:djitellopy:Send command (no response expected): 'rc 0 -13 -15 0'
INFO:djitellopy:Send command (no response expected): 'rc 0 -3 -14 -1'
INFO:djitellopy:Send command (no response expected): 'rc 0 -7 -18 0'
INFO:djitellopy:Send command (no response expected): 'rc 0 -10 -19 -1'
INFO:djitellopy:Send command (no response expected): 'rc 0 -1 -14 -1'
INFO:djitellopy:Send command (no response expected): 'rc 0 -7 -17 -1'
INFO:djitellopy:Send command (no response expected): 'rc 0 -4 -17 -2'
INFO:djitellopy:Send command (no response expected): 'rc 0 0 -16 -2'
INFO:djitellopy:Send command (no response expected): 'rc 0 5 -15 -2'
INFO:djitellopy:Send command (no response expected): 'rc 0 -2 -15 -1'
INFO:djitellopy:Send command (no response expected): 'rc 0 0 -17 -4'
INFO:djitellopy:Send command (no response expected): 'rc 0 -2 -16 -2'
INFO:djitellopy:Send command (no response expected): 'rc 0 0 -17 -4'
INFO:djitellopy:Send command (no response expected): 'rc 0 3 -17 -7'
INFO:djitellopy:Send command (no response expected): 'rc 0 1 -16 -7'
INFO:djitellopy:Send command (no response expected): 'rc 0 1 -19 -6'
INFO:djitellopy:Send command (no response expected): 'rc 0 0 -19 -6'
INFO:djitellopy:Send command (no response expected): 'rc 0 0 -18 -6'
INFO:djitellopy:Send command (no response expected): 'rc 0 -4 -21 -8'
INFO:djitellopy:Send command (no response expected): 'rc 0 7 -19 -6'
INFO:djitellopy:Send command (no response expected): 'rc 0 0 -17 -9'
INFO:djitellopy:Send command (no response expected): 'rc 0 1 -20 -8'
INFO:djitellopy:Send command (no response expected): 'rc 0 6 -19 -9'
INFO:djitellopy:Send command (no response expected): 'rc 0 0 -21 -9'
INFO:djitellopy:Send command (no response expected): 'rc 0 0 -23 -8'
INFO:djitellopy:Send command (no response expected): 'rc 0 0 -20 -8'
INFO:djitellopy:Send command (no response expected): 'rc 0 3 -25 -9'
INFO:djitellopy:Send command (no response expected): 'rc 0 1 -21 -8'
INFO:djitellopy:Send command (no response expected): 'rc 0 4 -21 -9'
INFO:djitellopy:Send command (no response expected): 'rc 0 6 -22 -9'
INFO:djitellopy:Send command (no response expected): 'rc 0 3 -23 -9'
INFO:djitellopy:Send command (no response expected): 'rc 0 3 -25 -8'
INFO:djitellopy:Send command (no response expected): 'rc 0 2 -24 -10'
INFO:djitellopy:Send command (no response expected): 'rc 0 6 -22 -9'
INFO:djitellopy:Send command (no response expected): 'rc 0 4 -23 -9'
INFO:djitellopy:Send command (no response expected): 'rc 0 4 -22 -8'
INFO:djitellopy:Send command (no response expected): 'rc 0 2 -21 -7'
INFO:djitellopy:Send command (no response expected): 'rc 0 2 -24 -5'
INFO:djitellopy:Send command (no response expected): 'rc 0 10 -26 -7'
INFO:djitellopy:Send command (no response expected): 'rc 0 8 -21 -6'
INFO:djitellopy:Send command (no response expected): 'rc 0 7 -22 -6'
INFO:djitellopy:Send command (no response expected): 'rc 0 4 -22 -7'
INFO:djitellopy:Send command (no response expected): 'rc 0 8 -20 -5'
INFO:djitellopy:Send command (no response expected): 'rc 0 3 -21 -6'
INFO:djitellopy:Send command (no response expected): 'rc 0 0 -24 -2'
INFO:djitellopy:Send command (no response expected): 'rc 0 9 -20 -3'
INFO:djitellopy:Send command (no response expected): 'rc 0 9 -20 -3'
INFO:djitellopy:Send command (no response expected): 'rc 0 1 -20 -3'
INFO:djitellopy:Send command (no response expected): 'rc 0 10 -18 -3'
INFO:djitellopy:Send command (no response expected): 'rc 0 4 -21 -1'
INFO:djitellopy:Send command (no response expected): 'rc 0 7 -19 -2'
INFO:djitellopy:Send command (no response expected): 'rc 0 5 -16 0'
INFO:djitellopy:Send command (no response expected): 'rc 0 1 -19 -3'
INFO:djitellopy:Send command (no response expected): 'rc 0 8 -17 -3'
INFO:djitellopy:Send command (no response expected): 'rc 0 9 -18 0'
INFO:djitellopy:Send command (no response expected): 'rc 0 8 -17 -3'
INFO:djitellopy:Send command (no response expected): 'rc 0 4 -19 -2'
INFO:djitellopy:Send command (no response expected): 'rc 0 6 -16 -2'
INFO:djitellopy:Send command (no response expected): 'rc 0 5 -17 -2'
INFO:djitellopy:Send command (no response expected): 'rc 0 18 -15 -2'
INFO:djitellopy:Send command (no response expected): 'rc 0 6 -17 -2'
INFO:djitellopy:Send command (no response expected): 'rc 0 4 -14 -3'
INFO:djitellopy:Send command (no response expected): 'rc 0 9 -16 -2'
INFO:djitellopy:Send command (no response expected): 'rc 0 6 -15 -2'
INFO:djitellopy:Send command (no response expected): 'rc 0 6 -16 -1'
INFO:djitellopy:Send command (no response expected): 'rc 0 10 -11 -3'
INFO:djitellopy:Send command (no response expected): 'rc 0 8 -15 -2'
INFO:djitellopy:Send command (no response expected): 'rc 0 6 -15 0'
INFO:djitellopy:Send command (no response expected): 'rc 0 6 -13 0'
INFO:djitellopy:Send command (no response expected): 'rc 0 7 -13 0'
INFO:djitellopy:Send command (no response expected): 'rc 0 11 -12 -2'
INFO:djitellopy:Send command (no response expected): 'rc 0 4 -11 0'
INFO:djitellopy:Send command (no response expected): 'rc 0 5 -12 3'
INFO:djitellopy:Send command (no response expected): 'rc 0 17 -9 -3'
INFO:djitellopy:Send command (no response expected): 'rc 0 1 -14 3'
INFO:djitellopy:Send command (no response expected): 'rc 0 11 -11 0'
INFO:djitellopy:Send command (no response expected): 'rc 0 10 -8 3'
INFO:djitellopy:Send command (no response expected): 'rc 0 10 -10 2'
INFO:djitellopy:Send command (no response expected): 'rc 0 12 -9 3'
INFO:djitellopy:Send command (no response expected): 'rc 0 8 -11 3'
INFO:djitellopy:Send command (no response expected): 'rc 0 9 -8 4'
INFO:djitellopy:Send command (no response expected): 'rc 0 8 -10 3'
INFO:djitellopy:Send command (no response expected): 'rc 0 8 -6 2'
INFO:djitellopy:Send command (no response expected): 'rc 0 6 -9 4'
INFO:djitellopy:Send command (no response expected): 'rc 0 9 -6 3'
INFO:djitellopy:Send command (no response expected): 'rc 0 8 -8 5'
INFO:djitellopy:Send command (no response expected): 'rc 0 9 -6 6'
INFO:djitellopy:Send command (no response expected): 'rc 0 12 -4 5'
INFO:djitellopy:Send command (no response expected): 'rc 0 7 -8 8'
INFO:djitellopy:Send command (no response expected): 'rc 0 14 -3 2'
INFO:djitellopy:Send command (no response expected): 'rc 0 11 -4 7'
INFO:djitellopy:Send command (no response expected): 'rc 0 11 -5 7'
INFO:djitellopy:Send command (no response expected): 'rc 0 9 -4 6'
INFO:djitellopy:Send command (no response expected): 'rc 0 10 -3 7'
INFO:djitellopy:Send command (no response expected): 'rc 0 9 -1 5'
INFO:djitellopy:Send command (no response expected): 'rc 0 12 0 5'
INFO:djitellopy:Send command (no response expected): 'rc 0 11 3 6'
INFO:djitellopy:Send command (no response expected): 'rc 0 12 0 7'
INFO:djitellopy:Send command (no response expected): 'rc 0 14 1 6'
INFO:djitellopy:Send command (no response expected): 'rc 0 12 6 4'
INFO:djitellopy:Send command (no response expected): 'rc 0 8 2 6'
INFO:djitellopy:Send command (no response expected): 'rc 0 14 7 8'
INFO:root:Landing Gesture
INFO:djitellopy:Send command: 'land'
INFO:djitellopy:Response land: 'ok'
INFO:root:Manual takeoff
INFO:djitellopy:Send command: 'takeoff'
WARNING:djitellopy:Aborting command 'takeoff'. Did not receive a response after 20 seconds
INFO:djitellopy:Send command: 'takeoff'
INFO:djitellopy:Tello instance was initialized. Host: '192.168.10.1'. Port: '8889'.
INFO:djitellopy:Send command: 'command'
INFO:djitellopy:Response command: 'ok'
INFO:djitellopy:Send command: 'streamon'
INFO:djitellopy:Response streamon: 'ok'
INFO:root:Manual takeoff
INFO:djitellopy:Send command: 'takeoff'
INFO:djitellopy:Tello instance was initialized. Host: '192.168.10.1'. Port: '8889'.
INFO:djitellopy:Send command: 'command'
ERROR:djitellopy:'utf-8' codec can't decode byte 0xcc in position 0: invalid continuation byte
INFO:djitellopy:Send command: 'command'
INFO:djitellopy:Response command: 'ok'
INFO:djitellopy:Send command: 'streamon'
INFO:djitellopy:Response streamon: 'ok'
INFO:root:Manual takeoff
INFO:djitellopy:Send command: 'takeoff'
INFO:djitellopy:Response takeoff: 'ok'
INFO:djitellopy:Send command: 'go 0 0 80 30'
INFO:djitellopy:Response go 0 0 80 30: 'error Not joystick'
INFO:djitellopy:Send command: 'go 0 0 80 30'
INFO:djitellopy:Response go 0 0 80 30: 'error Not joystick'
INFO:djitellopy:Send command: 'go 0 0 80 30'
INFO:djitellopy:Response go 0 0 80 30: 'error Not joystick'
INFO:djitellopy:Tello instance was initialized. Host: '192.168.10.1'. Port: '8889'.
INFO:djitellopy:Send command: 'command'
INFO:djitellopy:Response command: 'ok'
INFO:djitellopy:Send command: 'streamon'
INFO:djitellopy:Response streamon: 'ok'
INFO:root:Manual takeoff
INFO:djitellopy:Send command: 'takeoff'
INFO:djitellopy:Response takeoff: 'ok'
INFO:djitellopy:Send command: 'go 0 0 80 30'
INFO:djitellopy:Response go 0 0 80 30: 'ok'
INFO:djitellopy:Send command (no response expected): 'rc 0 30 100 -4'
INFO:djitellopy:Send command (no response expected): 'rc 0 16 18 0'
INFO:djitellopy:Send command (no response expected): 'rc 0 16 20 -1'
INFO:djitellopy:Send command (no response expected): 'rc 0 30 18 3'
INFO:djitellopy:Send command (no response expected): 'rc 0 15 19 0'
INFO:djitellopy:Send command (no response expected): 'rc 0 15 20 0'
INFO:djitellopy:Send command (no response expected): 'rc 0 30 20 0'
INFO:djitellopy:Send command (no response expected): 'rc 0 30 21 0'
INFO:djitellopy:Send command (no response expected): 'rc 0 30 19 0'
INFO:djitellopy:Send command (no response expected): 'rc 0 30 21 1'
INFO:djitellopy:Send command (no response expected): 'rc 0 15 20 0'
INFO:djitellopy:Send command (no response expected): 'rc 0 30 23 0'
INFO:djitellopy:Send command (no response expected): 'rc 0 30 22 2'
INFO:djitellopy:Send command (no response expected): 'rc 0 30 20 3'
INFO:djitellopy:Send command (no response expected): 'rc 0 30 21 2'
INFO:djitellopy:Send command (no response expected): 'rc 0 30 20 3'
INFO:djitellopy:Send command (no response expected): 'rc 0 30 20 2'
INFO:djitellopy:Send command (no response expected): 'rc 0 30 22 5'
INFO:djitellopy:Send command (no response expected): 'rc 0 30 21 2'
INFO:djitellopy:Send command (no response expected): 'rc 0 30 21 3'
INFO:djitellopy:Send command (no response expected): 'rc 0 30 21 3'
INFO:djitellopy:Send command (no response expected): 'rc 0 30 20 2'
INFO:djitellopy:Send command (no response expected): 'rc 0 30 20 -2'
INFO:djitellopy:Send command (no response expected): 'rc 0 30 20 1'
INFO:djitellopy:Send command (no response expected): 'rc 0 30 20 0'
INFO:djitellopy:Send command (no response expected): 'rc 0 30 20 -1'
INFO:djitellopy:Send command (no response expected): 'rc 0 30 17 0'
INFO:djitellopy:Send command (no response expected): 'rc 0 30 20 0'
INFO:djitellopy:Send command (no response expected): 'rc 0 30 19 -1'
INFO:djitellopy:Send command (no response expected): 'rc 0 13 13 -1'
INFO:djitellopy:Send command (no response expected): 'rc 0 15 19 -3'
INFO:djitellopy:Send command (no response expected): 'rc 0 15 17 0'
INFO:djitellopy:Send command (no response expected): 'rc 0 16 19 -1'
INFO:djitellopy:Send command (no response expected): 'rc 0 15 19 -3'
INFO:djitellopy:Send command (no response expected): 'rc 0 15 21 -1'
INFO:djitellopy:Send command (no response expected): 'rc 0 16 20 -2'
INFO:djitellopy:Send command (no response expected): 'rc 0 16 20 -3'
INFO:djitellopy:Send command (no response expected): 'rc 0 16 19 -2'
INFO:djitellopy:Send command (no response expected): 'rc 0 15 20 -2'
INFO:djitellopy:Send command (no response expected): 'rc 0 15 20 -2'
INFO:djitellopy:Send command (no response expected): 'rc 0 14 15 0'
INFO:djitellopy:Send command (no response expected): 'rc 0 14 18 -1'
INFO:djitellopy:Send command (no response expected): 'rc 0 15 19 -2'
INFO:djitellopy:Send command (no response expected): 'rc 0 15 19 -1'
INFO:djitellopy:Send command (no response expected): 'rc 0 15 19 -2'
INFO:djitellopy:Send command (no response expected): 'rc 0 14 18 0'
INFO:djitellopy:Send command (no response expected): 'rc 0 18 24 -1'
INFO:djitellopy:Send command (no response expected): 'rc 0 16 20 -1'
INFO:djitellopy:Send command (no response expected): 'rc 0 15 21 0'
INFO:djitellopy:Send command (no response expected): 'rc 0 30 20 0'
INFO:djitellopy:Send command (no response expected): 'rc 0 15 20 1'
INFO:djitellopy:Send command (no response expected): 'rc 0 15 19 2'
INFO:djitellopy:Send command (no response expected): 'rc 0 16 21 0'
INFO:djitellopy:Send command (no response expected): 'rc 0 15 21 -3'
INFO:djitellopy:Send command (no response expected): 'rc 0 14 19 2'
INFO:djitellopy:Send command (no response expected): 'rc 0 15 20 0'
INFO:djitellopy:Send command (no response expected): 'rc 0 15 21 1'
INFO:djitellopy:Send command (no response expected): 'rc 0 15 20 0'
INFO:djitellopy:Send command (no response expected): 'rc 0 15 19 0'
INFO:djitellopy:Send command (no response expected): 'rc 0 15 20 -2'
INFO:djitellopy:Send command (no response expected): 'rc 0 15 19 -1'
INFO:djitellopy:Send command (no response expected): 'rc 0 14 16 3'
INFO:djitellopy:Send command (no response expected): 'rc 0 15 19 0'
INFO:djitellopy:Send command (no response expected): 'rc 0 15 17 0'
INFO:djitellopy:Send command (no response expected): 'rc 0 12 16 1'
INFO:djitellopy:Send command (no response expected): 'rc 0 14 18 0'
INFO:djitellopy:Send command (no response expected): 'rc 0 13 18 -1'
INFO:djitellopy:Send command (no response expected): 'rc 0 14 18 0'
INFO:djitellopy:Send command (no response expected): 'rc 0 13 17 0'
INFO:djitellopy:Send command (no response expected): 'rc 0 14 18 0'
INFO:djitellopy:Send command (no response expected): 'rc 0 14 18 0'
INFO:djitellopy:Send command (no response expected): 'rc 0 13 18 0'
INFO:djitellopy:Send command (no response expected): 'rc 0 14 18 0'
INFO:djitellopy:Send command (no response expected): 'rc 0 14 18 0'
INFO:djitellopy:Send command (no response expected): 'rc 0 14 18 1'
INFO:djitellopy:Send command (no response expected): 'rc 0 14 19 0'
INFO:djitellopy:Send command (no response expected): 'rc 0 13 17 1'
INFO:djitellopy:Send command (no response expected): 'rc 0 14 17 0'
INFO:djitellopy:Send command (no response expected): 'rc 0 15 17 4'
INFO:djitellopy:Send command (no response expected): 'rc 0 14 17 4'
INFO:djitellopy:Send command (no response expected): 'rc 0 14 17 3'
INFO:djitellopy:Send command (no response expected): 'rc 0 14 17 2'
INFO:djitellopy:Send command (no response expected): 'rc 0 14 18 5'
INFO:djitellopy:Send command (no response expected): 'rc 0 15 18 2'
INFO:djitellopy:Send command (no response expected): 'rc 0 14 17 3'
INFO:djitellopy:Send command (no response expected): 'rc 0 15 17 3'
INFO:djitellopy:Send command (no response expected): 'rc 0 14 18 3'
INFO:djitellopy:Send command (no response expected): 'rc 0 14 15 3'
INFO:djitellopy:Send command (no response expected): 'rc 0 13 15 3'
INFO:djitellopy:Send command (no response expected): 'rc 0 11 13 3'
INFO:djitellopy:Send command (no response expected): 'rc 0 14 14 3'
INFO:djitellopy:Send command (no response expected): 'rc 0 14 16 3'
INFO:djitellopy:Send command (no response expected): 'rc 0 14 16 3'
INFO:djitellopy:Send command (no response expected): 'rc 0 14 15 3'
INFO:djitellopy:Send command (no response expected): 'rc 0 16 15 3'
INFO:djitellopy:Send command (no response expected): 'rc 0 13 17 2'
INFO:djitellopy:Send command (no response expected): 'rc 0 14 15 4'
INFO:djitellopy:Send command (no response expected): 'rc 0 14 14 3'
INFO:djitellopy:Send command (no response expected): 'rc 0 13 12 2'
INFO:djitellopy:Send command (no response expected): 'rc 0 14 13 3'
INFO:djitellopy:Send command (no response expected): 'rc 0 14 13 2'
INFO:djitellopy:Send command (no response expected): 'rc 0 14 13 3'
INFO:djitellopy:Send command (no response expected): 'rc 0 13 11 3'
INFO:djitellopy:Send command (no response expected): 'rc 0 14 13 3'
INFO:djitellopy:Send command (no response expected): 'rc 0 15 12 3'
INFO:djitellopy:Send command (no response expected): 'rc 0 14 12 3'
INFO:djitellopy:Send command (no response expected): 'rc 0 14 13 3'
INFO:djitellopy:Send command (no response expected): 'rc 0 14 11 4'
INFO:djitellopy:Send command (no response expected): 'rc 0 14 13 3'
INFO:djitellopy:Send command (no response expected): 'rc 0 14 12 4'
INFO:djitellopy:Send command (no response expected): 'rc 0 14 13 4'
INFO:djitellopy:Send command (no response expected): 'rc 0 13 12 4'
INFO:djitellopy:Send command (no response expected): 'rc 0 14 12 4'
INFO:djitellopy:Send command (no response expected): 'rc 0 14 12 4'
INFO:djitellopy:Send command (no response expected): 'rc 0 15 13 4'
INFO:djitellopy:Send command (no response expected): 'rc 0 14 12 4'
INFO:djitellopy:Send command (no response expected): 'rc 0 13 12 4'
INFO:djitellopy:Send command (no response expected): 'rc 0 13 12 5'
INFO:djitellopy:Send command (no response expected): 'rc 0 14 13 5'
INFO:djitellopy:Send command (no response expected): 'rc 0 13 11 4'
INFO:djitellopy:Send command (no response expected): 'rc 0 14 12 5'
INFO:djitellopy:Send command (no response expected): 'rc 0 13 11 5'
INFO:djitellopy:Send command (no response expected): 'rc 0 12 11 4'
INFO:djitellopy:Send command (no response expected): 'rc 0 16 11 7'
INFO:djitellopy:Send command (no response expected): 'rc 0 15 12 4'
INFO:djitellopy:Send command (no response expected): 'rc 0 14 12 5'
INFO:djitellopy:Send command (no response expected): 'rc 0 13 9 6'
INFO:djitellopy:Send command (no response expected): 'rc 0 15 10 5'
INFO:djitellopy:Send command (no response expected): 'rc 0 13 7 7'
INFO:djitellopy:Send command (no response expected): 'rc 0 14 10 5'
INFO:djitellopy:Send command (no response expected): 'rc 0 14 10 5'
INFO:djitellopy:Send command (no response expected): 'rc 0 14 10 5'
INFO:djitellopy:Send command (no response expected): 'rc 0 15 11 6'
INFO:djitellopy:Send command (no response expected): 'rc 0 15 14 3'
INFO:djitellopy:Send command (no response expected): 'rc 0 15 8 6'
INFO:djitellopy:Send command (no response expected): 'rc 0 15 8 5'
INFO:djitellopy:Send command (no response expected): 'rc 0 15 9 4'
INFO:djitellopy:Send command (no response expected): 'rc 0 15 10 4'
INFO:djitellopy:Send command (no response expected): 'rc 0 15 9 5'
INFO:djitellopy:Send command (no response expected): 'rc 0 16 10 5'
INFO:djitellopy:Send command (no response expected): 'rc 0 16 10 0'
INFO:djitellopy:Send command (no response expected): 'rc 0 16 9 4'
INFO:djitellopy:Send command (no response expected): 'rc 0 15 8 8'
INFO:djitellopy:Send command (no response expected): 'rc 0 15 9 5'
INFO:djitellopy:Send command (no response expected): 'rc 0 16 10 1'
INFO:djitellopy:Send command (no response expected): 'rc 0 15 8 4'
INFO:djitellopy:Send command (no response expected): 'rc 0 16 10 4'
INFO:djitellopy:Send command (no response expected): 'rc 0 15 9 4'
INFO:djitellopy:Send command (no response expected): 'rc 0 16 9 3'
INFO:djitellopy:Send command (no response expected): 'rc 0 15 9 3'
INFO:djitellopy:Send command (no response expected): 'rc 0 15 9 4'
INFO:djitellopy:Send command (no response expected): 'rc 0 15 9 3'
INFO:djitellopy:Send command (no response expected): 'rc 0 15 9 1'
INFO:djitellopy:Send command (no response expected): 'rc 0 14 6 9'
INFO:djitellopy:Send command (no response expected): 'rc 0 16 9 3'
INFO:djitellopy:Send command (no response expected): 'rc 0 15 8 8'
INFO:djitellopy:Send command (no response expected): 'rc 0 15 8 5'
INFO:djitellopy:Send command (no response expected): 'rc 0 15 8 4'
INFO:djitellopy:Send command (no response expected): 'rc 0 16 9 6'
INFO:djitellopy:Send command (no response expected): 'rc 0 30 10 5'
INFO:djitellopy:Send command (no response expected): 'rc 0 30 9 7'
INFO:djitellopy:Send command (no response expected): 'rc 0 15 8 6'
INFO:djitellopy:Send command (no response expected): 'rc 0 14 9 7'
INFO:djitellopy:Send command (no response expected): 'rc 0 15 9 6'
INFO:djitellopy:Send command (no response expected): 'rc 0 16 9 7'
INFO:djitellopy:Send command (no response expected): 'rc 0 13 4 15'
INFO:djitellopy:Send command (no response expected): 'rc 0 15 8 8'
INFO:djitellopy:Send command (no response expected): 'rc 0 16 7 9'
INFO:djitellopy:Send command (no response expected): 'rc 0 14 8 8'
INFO:djitellopy:Send command (no response expected): 'rc 0 15 7 8'
INFO:djitellopy:Send command (no response expected): 'rc 0 15 8 8'
INFO:djitellopy:Send command (no response expected): 'rc 0 15 8 10'
INFO:root:Started Timer
INFO:djitellopy:Send command (no response expected): 'rc 0 17 9 15'
INFO:djitellopy:Send command (no response expected): 'rc 0 14 7 11'
INFO:djitellopy:Send command (no response expected): 'rc 0 15 8 10'
INFO:djitellopy:Send command (no response expected): 'rc 0 15 7 11'
INFO:djitellopy:Send command (no response expected): 'rc 0 14 8 10'
INFO:djitellopy:Send command (no response expected): 'rc 0 15 8 10'
INFO:djitellopy:Send command (no response expected): 'rc 0 15 9 11'
INFO:djitellopy:Send command (no response expected): 'rc 0 15 8 10'
INFO:djitellopy:Send command (no response expected): 'rc 0 15 9 9'
INFO:djitellopy:Send command (no response expected): 'rc 0 15 7 10'
INFO:djitellopy:Send command (no response expected): 'rc 0 16 8 9'
INFO:root:Started Timer
INFO:djitellopy:Send command (no response expected): 'rc 0 30 14 1'
INFO:root:Started Timer
INFO:djitellopy:Send command (no response expected): 'rc 0 30 8 -4'
INFO:djitellopy:Send command (no response expected): 'rc 0 30 10 4'
INFO:djitellopy:Send command (no response expected): 'rc 0 30 12 -1'
INFO:djitellopy:Send command (no response expected): 'rc 0 30 10 4'
INFO:djitellopy:Send command (no response expected): 'rc 0 30 9 0'
INFO:djitellopy:Send command (no response expected): 'rc 0 30 8 0'
INFO:djitellopy:Send command (no response expected): 'rc 0 30 9 2'
INFO:djitellopy:Send command (no response expected): 'rc 0 30 10 2'
INFO:djitellopy:Send command (no response expected): 'rc 0 30 10 -1'
INFO:djitellopy:Send command (no response expected): 'rc 0 30 9 -3'
INFO:djitellopy:Send command (no response expected): 'rc 0 30 9 0'
INFO:djitellopy:Send command (no response expected): 'rc 0 30 8 0'
INFO:djitellopy:Send command (no response expected): 'rc 0 30 10 0'
INFO:djitellopy:Send command (no response expected): 'rc 0 30 9 0'
INFO:djitellopy:Send command (no response expected): 'rc 0 30 10 0'
INFO:djitellopy:Send command (no response expected): 'rc 0 30 9 0'
INFO:djitellopy:Send command (no response expected): 'rc 0 30 7 0'
INFO:djitellopy:Send command (no response expected): 'rc 0 30 9 0'
INFO:djitellopy:Send command (no response expected): 'rc 0 30 11 0'
INFO:djitellopy:Send command (no response expected): 'rc 0 30 9 0'
INFO:djitellopy:Send command (no response expected): 'rc 0 30 10 0'
INFO:djitellopy:Send command (no response expected): 'rc 0 30 9 0'
INFO:djitellopy:Send command (no response expected): 'rc 0 30 10 0'
INFO:djitellopy:Send command (no response expected): 'rc 0 30 9 1'
INFO:djitellopy:Send command (no response expected): 'rc 0 30 9 0'
INFO:djitellopy:Send command (no response expected): 'rc 0 30 9 1'
INFO:root:Started Timer
INFO:djitellopy:Send command (no response expected): 'rc 0 30 10 10'
INFO:root:Started Timer
INFO:djitellopy:Send command (no response expected): 'rc 0 30 11 9'
INFO:djitellopy:Send command (no response expected): 'rc 0 30 10 5'
INFO:djitellopy:Send command (no response expected): 'rc 0 30 10 10'
INFO:djitellopy:Send command (no response expected): 'rc 0 30 10 5'
INFO:djitellopy:Send command (no response expected): 'rc 0 30 9 5'
INFO:djitellopy:Send command (no response expected): 'rc 0 30 10 -1'
INFO:djitellopy:Send command (no response expected): 'rc 0 30 10 4'
INFO:djitellopy:Send command (no response expected): 'rc 0 30 10 10'
INFO:djitellopy:Send command (no response expected): 'rc 0 30 11 -2'
INFO:djitellopy:Send command (no response expected): 'rc 0 30 9 0'
INFO:djitellopy:Send command (no response expected): 'rc 0 30 10 3'
INFO:djitellopy:Send command (no response expected): 'rc 0 30 10 3'
INFO:djitellopy:Send command (no response expected): 'rc 0 30 8 2'
INFO:djitellopy:Send command (no response expected): 'rc 0 30 9 2'
INFO:djitellopy:Send command (no response expected): 'rc 0 30 9 -6'
INFO:djitellopy:Send command (no response expected): 'rc 0 30 10 -1'
INFO:djitellopy:Send command (no response expected): 'rc 0 30 10 0'
INFO:djitellopy:Send command (no response expected): 'rc 0 30 10 0'
INFO:djitellopy:Send command (no response expected): 'rc 0 30 11 0'
INFO:djitellopy:Send command (no response expected): 'rc 0 30 9 0'
INFO:djitellopy:Send command (no response expected): 'rc 0 30 10 0'
INFO:djitellopy:Send command (no response expected): 'rc 0 30 11 -5'
INFO:djitellopy:Send command (no response expected): 'rc 0 30 9 -1'
INFO:djitellopy:Send command (no response expected): 'rc 0 30 8 4'
INFO:djitellopy:Send command (no response expected): 'rc 0 30 10 -5'
INFO:djitellopy:Send command (no response expected): 'rc 0 30 10 -2'
INFO:djitellopy:Send command (no response expected): 'rc 0 30 9 0'
INFO:djitellopy:Send command (no response expected): 'rc 0 30 10 -1'
INFO:djitellopy:Send command (no response expected): 'rc 0 30 10 -1'
INFO:djitellopy:Send command (no response expected): 'rc 0 30 9 -1'
INFO:djitellopy:Send command (no response expected): 'rc 0 30 10 0'
INFO:djitellopy:Send command (no response expected): 'rc 0 30 8 4'
INFO:djitellopy:Send command (no response expected): 'rc 0 30 9 0'
INFO:djitellopy:Send command (no response expected): 'rc 0 30 10 0'
INFO:djitellopy:Send command (no response expected): 'rc 0 30 10 0'
INFO:djitellopy:Send command (no response expected): 'rc 0 30 11 -4'
INFO:djitellopy:Send command (no response expected): 'rc 0 30 8 4'
INFO:djitellopy:Send command (no response expected): 'rc 0 30 9 0'
INFO:djitellopy:Send command (no response expected): 'rc 0 30 8 0'
INFO:djitellopy:Send command (no response expected): 'rc 0 30 10 -5'
INFO:djitellopy:Send command (no response expected): 'rc 0 30 9 0'
INFO:djitellopy:Send command (no response expected): 'rc 0 30 10 5'
INFO:djitellopy:Send command (no response expected): 'rc 0 30 9 2'
INFO:djitellopy:Send command (no response expected): 'rc 0 30 10 4'
INFO:djitellopy:Send command (no response expected): 'rc 0 30 8 6'
INFO:djitellopy:Send command (no response expected): 'rc 0 30 9 3'
INFO:djitellopy:Send command (no response expected): 'rc 0 30 9 3'
INFO:djitellopy:Send command (no response expected): 'rc 0 30 10 3'
INFO:djitellopy:Send command (no response expected): 'rc 0 30 9 3'
INFO:djitellopy:Send command (no response expected): 'rc 0 30 9 3'
INFO:djitellopy:Send command (no response expected): 'rc 0 30 7 2'
INFO:root:Started Timer
INFO:djitellopy:Send command (no response expected): 'rc 0 14 4 13'
INFO:djitellopy:Send command (no response expected): 'rc 0 15 9 6'
INFO:djitellopy:Send command (no response expected): 'rc 0 30 9 6'
INFO:djitellopy:Send command (no response expected): 'rc 0 15 7 7'
INFO:djitellopy:Send command (no response expected): 'rc 0 15 8 7'
INFO:djitellopy:Send command (no response expected): 'rc 0 16 7 7'
INFO:djitellopy:Send command (no response expected): 'rc 0 15 8 12'
INFO:djitellopy:Send command (no response expected): 'rc 0 15 8 7'
INFO:djitellopy:Send command (no response expected): 'rc 0 15 6 9'
INFO:djitellopy:Send command (no response expected): 'rc 0 15 6 9'
INFO:djitellopy:Send command (no response expected): 'rc 0 14 7 7'
INFO:djitellopy:Send command (no response expected): 'rc 0 16 7 5'
INFO:djitellopy:Send command (no response expected): 'rc 0 16 7 6'
INFO:djitellopy:Send command (no response expected): 'rc 0 15 8 4'
INFO:djitellopy:Send command (no response expected): 'rc 0 16 6 4'
INFO:djitellopy:Send command (no response expected): 'rc 0 15 6 1'
INFO:djitellopy:Send command (no response expected): 'rc 0 15 7 5'
INFO:djitellopy:Send command (no response expected): 'rc 0 15 6 -1'
INFO:djitellopy:Send command (no response expected): 'rc 0 13 4 0'
INFO:djitellopy:Send command (no response expected): 'rc 0 14 7 -6'
INFO:djitellopy:Send command (no response expected): 'rc 0 14 5 -2'
INFO:djitellopy:Send command (no response expected): 'rc 0 15 7 -3'
INFO:djitellopy:Send command (no response expected): 'rc 0 15 6 -4'
INFO:djitellopy:Send command (no response expected): 'rc 0 14 6 -3'
INFO:djitellopy:Send command (no response expected): 'rc 0 15 5 -1'
INFO:djitellopy:Send command (no response expected): 'rc 0 16 6 -2'
INFO:djitellopy:Send command (no response expected): 'rc 0 14 7 -1'
INFO:djitellopy:Send command (no response expected): 'rc 0 15 4 -1'
INFO:djitellopy:Send command (no response expected): 'rc 0 15 5 -1'
INFO:djitellopy:Send command (no response expected): 'rc 0 15 6 -1'
INFO:djitellopy:Send command (no response expected): 'rc 0 14 7 -1'
INFO:djitellopy:Send command (no response expected): 'rc 0 12 2 3'
INFO:djitellopy:Send command (no response expected): 'rc 0 14 7 2'
INFO:djitellopy:Send command (no response expected): 'rc 0 14 6 0'
INFO:djitellopy:Send command (no response expected): 'rc 0 15 6 0'
INFO:djitellopy:Send command (no response expected): 'rc 0 16 9 2'
INFO:djitellopy:Send command (no response expected): 'rc 0 16 7 5'
INFO:djitellopy:Send command (no response expected): 'rc 0 14 4 0'
INFO:djitellopy:Send command (no response expected): 'rc 0 15 8 7'
INFO:root:Landing Gesture
INFO:djitellopy:Send command: 'land'
INFO:djitellopy:Response land: 'ok'
INFO:root:Manual takeoff
INFO:djitellopy:Send command: 'takeoff'
INFO:djitellopy:Tello instance was initialized. Host: '192.168.10.1'. Port: '8889'.
INFO:djitellopy:Send command: 'command'
INFO:djitellopy:Response command: 'ok'
INFO:djitellopy:Send command: 'streamon'
INFO:djitellopy:Response streamon: 'ok'
INFO:root:Manual takeoff
INFO:djitellopy:Send command: 'takeoff'
INFO:djitellopy:Tello instance was initialized. Host: '192.168.10.1'. Port: '8889'.
INFO:djitellopy:Send command: 'command'
INFO:djitellopy:Response command: 'ok'
INFO:djitellopy:Send command: 'streamon'
INFO:djitellopy:Response streamon: 'ok'
INFO:root:Manual takeoff
INFO:djitellopy:Send command: 'takeoff'
